[debug] [2018-07-09T21:47:39.951Z] ----------------------------------------------------------------------
[debug] [2018-07-09T21:47:39.952Z] Command:       /home/george/.nvm/versions/node/v10.4.1/bin/node /home/george/.nvm/versions/node/v10.4.1/bin/firebase serve
[debug] [2018-07-09T21:47:39.952Z] CLI Version:   3.19.3
[debug] [2018-07-09T21:47:39.952Z] Platform:      linux
[debug] [2018-07-09T21:47:39.953Z] Node Version:  v10.4.1
[debug] [2018-07-09T21:47:39.953Z] Time:          Mon Jul 09 2018 14:47:39 GMT-0700 (Pacific Daylight Time)
[debug] [2018-07-09T21:47:39.953Z] ----------------------------------------------------------------------
[debug] 
[debug] [2018-07-09T21:47:39.959Z] > command requires scopes: ["email","openid","https://www.googleapis.com/auth/cloudplatformprojects.readonly","https://www.googleapis.com/auth/firebase","https://www.googleapis.com/auth/cloud-platform"]
[debug] [2018-07-09T21:47:39.959Z] > authorizing via signed-in user
[debug] [2018-07-09T21:47:39.961Z] >>> HTTP REQUEST GET https://admin.firebase.com/v1/projects/realnotes-3f4f4  
  
 Mon Jul 09 2018 14:47:39 GMT-0700 (Pacific Daylight Time)
[debug] [2018-07-09T21:47:40.321Z] <<< HTTP RESPONSE 200
[debug] [2018-07-09T21:47:40.323Z] >>> HTTP REQUEST GET https://admin.firebase.com/v1/database/realnotes-3f4f4/tokens  
  
 Mon Jul 09 2018 14:47:40 GMT-0700 (Pacific Daylight Time)
[debug] [2018-07-09T21:47:40.809Z] <<< HTTP RESPONSE 200
[debug] [2018-07-09T21:47:40.810Z] >>> HTTP REQUEST GET https://cloudresourcemanager.googleapis.com/v1/projects/realnotes-3f4f4  
  
 Mon Jul 09 2018 14:47:40 GMT-0700 (Pacific Daylight Time)
[debug] [2018-07-09T21:47:41.164Z] <<< HTTP RESPONSE 200
[info] 
[info] === Serving from '/home/george/workspace/realnotes'...
[info] 
[debug] [2018-07-09T21:47:41.167Z] >>> HTTP REQUEST GET https://mobilesdk-pa.googleapis.com/v1/projects/683189473136/clients/_:getWebAppConfig  
  
 Mon Jul 09 2018 14:47:41 GMT-0700 (Pacific Daylight Time)
[debug] [2018-07-09T21:47:41.527Z] <<< HTTP RESPONSE 200
[info] i  hosting: Serving hosting files from: public
[info] ✔  hosting: Local server: http://localhost:5000

